<?xml version="1.0" encoding="UTF-8"?>
<!-- Generated by org.testng.reporters.JUnitReportReporter -->
<testsuite hostname="Nallaballi-HomePC" failures="0" tests="1" name="env.qa.TestCases.Test1" time="0.008" errors="0" timestamp="2023-05-24T21:55:45 CDT" skipped="0">
  <testcase classname="env.qa.TestCases.Test1" name="test" time="0.008"/>
  <system-out/>
</testsuite> <!-- env.qa.TestCases.Test1 -->
