<?xml version="1.0" encoding="UTF-8"?>
<!-- Generated by org.testng.reporters.JUnitReportReporter -->
<testsuite hostname="Nallaballi-HomePC" failures="0" tests="1" name="env.qa.TestCases.LaunchSite" time="0.010" errors="0" timestamp="2023-05-28T23:00:34 CDT" skipped="0">
  <testcase classname="env.qa.TestCases.LaunchSite" name="siteLogin" time="0.010"/>
  <system-out/>
</testsuite> <!-- env.qa.TestCases.LaunchSite -->
