<?xml version="1.0" encoding="UTF-8"?>
<!-- Generated by org.testng.reporters.JUnitReportReporter -->
<testsuite hostname="Nallaballi-HomePC" failures="0" tests="1" name="env.qa.TestCases.NewTest" time="0.004" errors="0" timestamp="2023-05-29T17:19:46 CDT" skipped="0">
  <testcase classname="env.qa.TestCases.NewTest" name="firstTest" time="0.004"/>
  <system-out/>
</testsuite> <!-- env.qa.TestCases.NewTest -->
